<?xml version="1.0" encoding="UTF-8"?>
<!-- Generated by org.testng.reporters.JUnitReportReporter -->
<testsuite hostname="CORP-LT0010Y3X" failures="0" tests="1" name="testCases.HomePageTest" time="19.781" errors="0" timestamp="2020-10-27T14:21:12 EDT" skipped="0">
  <testcase classname="testCases.HomePageTest" name="VerifyWeAreInCruiseDetail" time="19.781"/>
</testsuite> <!-- testCases.HomePageTest -->
