<?xml version="1.0" encoding="UTF-8"?>
<!-- Generated by org.testng.reporters.JUnitReportReporter -->
<testsuite hostname="CORP-LT0010Y3X" failures="0" tests="1" name="testCases.HomePageTest" time="16.754" errors="0" timestamp="2020-10-29T00:12:58 EDT" skipped="0">
  <testcase classname="testCases.HomePageTest" name="VerifyWeAreInCruiseDetail" time="16.754"/>
</testsuite> <!-- testCases.HomePageTest -->
